IMLib/build/outputs/logs/manifest-merger-release-report.txt
-- Merging decision tree log ---
manifest
ADDED from mah\IMLib\AndroidManifest.xml:1:1-92:12
INJECTED from mah\IMLib\AndroidManifest.xml:1:1-92:12
INJECTED from mah\IMLib\AndroidManifest.xml:1:1-92:12
INJECTED from mah\IMLib\AndroidManifest.xml:1:1-92:12
INJECTED from mah\IMLib\AndroidManifest.xml:1:1-92:12
INJECTED from mah\IMLib\AndroidManifest.xml:1:1-92:12
INJECTED from mah\IMLib\AndroidManifest.xml:1:1-92:12
	package
		ADDED from mah\IMLib\AndroidManifest.xml:2:5-28
		INJECTED from mah\IMLib\AndroidManifest.xml
		INJECTED from mah\IMLib\AndroidManifest.xml
	android:versionName
		INJECTED from mah\IMLib\AndroidManifest.xml
		ADDED from mah\IMLib\AndroidManifest.xml:1:1-92:12
		INJECTED from mah\IMLib\AndroidManifest.xml
	android:versionCode
		INJECTED from mah\IMLib\AndroidManifest.xml
		ADDED from mah\IMLib\AndroidManifest.xml:1:1-92:12
		INJECTED from mah\IMLib\AndroidManifest.xml
	xmlns:android
		ADDED from mah\IMLib\AndroidManifest.xml:1:11-69
uses-permission#android.permission.WRITE_EXTERNAL_STORAGE
ADDED from mah\IMLib\AndroidManifest.xml:4:5-81
	android:name
		ADDED from mah\IMLib\AndroidManifest.xml:4:22-78
uses-permission#android.permission.INTERNET
ADDED from mah\IMLib\AndroidManifest.xml:5:5-67
	android:name
		ADDED from mah\IMLib\AndroidManifest.xml:5:22-64
uses-permission#android.permission.ACCESS_NETWORK_STATE
ADDED from mah\IMLib\AndroidManifest.xml:6:5-79
	android:name
		ADDED from mah\IMLib\AndroidManifest.xml:6:22-76
uses-permission#android.permission.ACCESS_WIFI_STATE
ADDED from mah\IMLib\AndroidManifest.xml:7:5-76
	android:name
		ADDED from mah\IMLib\AndroidManifest.xml:7:22-73
uses-permission#android.permission.READ_PHONE_STATE
ADDED from mah\IMLib\AndroidManifest.xml:8:5-75
	android:name
		ADDED from mah\IMLib\AndroidManifest.xml:8:22-72
uses-permission#android.permission.RECORD_AUDIO
ADDED from mah\IMLib\AndroidManifest.xml:9:5-71
	android:name
		ADDED from mah\IMLib\AndroidManifest.xml:9:22-68
uses-permission#android.permission.GET_TASKS
ADDED from mah\IMLib\AndroidManifest.xml:10:5-68
	android:name
		ADDED from mah\IMLib\AndroidManifest.xml:10:22-65
uses-permission#android.permission.WAKE_LOCK
ADDED from mah\IMLib\AndroidManifest.xml:11:5-68
	android:name
		ADDED from mah\IMLib\AndroidManifest.xml:11:22-65
uses-permission#android.permission.MODIFY_AUDIO_SETTINGS
ADDED from mah\IMLib\AndroidManifest.xml:12:5-80
	android:name
		ADDED from mah\IMLib\AndroidManifest.xml:12:22-77
uses-permission#android.permission.VIBRATE
ADDED from mah\IMLib\AndroidManifest.xml:13:5-66
	android:name
		ADDED from mah\IMLib\AndroidManifest.xml:13:22-63
uses-permission#android.permission.ACCESS_FINE_LOCATION
ADDED from mah\IMLib\AndroidManifest.xml:14:5-79
	android:name
		ADDED from mah\IMLib\AndroidManifest.xml:14:22-76
uses-permission#android.permission.RECEIVE_BOOT_COMPLETED
ADDED from mah\IMLib\AndroidManifest.xml:15:5-81
	android:name
		ADDED from mah\IMLib\AndroidManifest.xml:15:22-78
application
ADDED from mah\IMLib\AndroidManifest.xml:17:5-90:19
meta-data#RONG_CLOUD_APP_KEY
ADDED from mah\IMLib\AndroidManifest.xml:20:9-22:45
	android:value
		ADDED from mah\IMLib\AndroidManifest.xml:22:13-42
	android:name
		ADDED from mah\IMLib\AndroidManifest.xml:21:13-46
service#io.rong.imlib.ipc.RongService
ADDED from mah\IMLib\AndroidManifest.xml:24:9-27:38
	android:process
		ADDED from mah\IMLib\AndroidManifest.xml:27:13-35
	android:exported
		ADDED from mah\IMLib\AndroidManifest.xml:26:13-36
	android:name
		ADDED from mah\IMLib\AndroidManifest.xml:25:13-57
service#io.rong.imlib.ReConnectService
ADDED from mah\IMLib\AndroidManifest.xml:29:9-32:72
	android:exported
		ADDED from mah\IMLib\AndroidManifest.xml:31:13-36
	android:permission
		ADDED from mah\IMLib\AndroidManifest.xml:32:13-69
	android:name
		ADDED from mah\IMLib\AndroidManifest.xml:30:13-45
receiver#io.rong.imlib.ConnectChangeReceiver
ADDED from mah\IMLib\AndroidManifest.xml:34:9-36:39
	android:exported
		ADDED from mah\IMLib\AndroidManifest.xml:36:13-36
	android:name
		ADDED from mah\IMLib\AndroidManifest.xml:35:13-63
receiver#io.rong.imlib.HeartbeatReceiver
ADDED from mah\IMLib\AndroidManifest.xml:38:9-40:38
	android:process
		ADDED from mah\IMLib\AndroidManifest.xml:40:13-35
	android:name
		ADDED from mah\IMLib\AndroidManifest.xml:39:13-59
service#io.rong.push.core.PushRegistrationService
ADDED from mah\IMLib\AndroidManifest.xml:47:9-50:72
	android:exported
		ADDED from mah\IMLib\AndroidManifest.xml:49:13-36
	android:permission
		ADDED from mah\IMLib\AndroidManifest.xml:50:13-69
	android:name
		ADDED from mah\IMLib\AndroidManifest.xml:48:13-69
service#io.rong.push.core.MessageHandleService
ADDED from mah\IMLib\AndroidManifest.xml:52:9-55:72
	android:exported
		ADDED from mah\IMLib\AndroidManifest.xml:54:13-36
	android:permission
		ADDED from mah\IMLib\AndroidManifest.xml:55:13-69
	android:name
		ADDED from mah\IMLib\AndroidManifest.xml:53:13-66
service#io.rong.push.PushService
ADDED from mah\IMLib\AndroidManifest.xml:58:9-62:46
	android:process
		ADDED from mah\IMLib\AndroidManifest.xml:62:13-43
	android:exported
		ADDED from mah\IMLib\AndroidManifest.xml:60:13-36
	android:permission
		ADDED from mah\IMLib\AndroidManifest.xml:61:13-69
	android:name
		ADDED from mah\IMLib\AndroidManifest.xml:59:13-52
receiver#io.rong.push.PushReceiver
ADDED from mah\IMLib\AndroidManifest.xml:65:9-85:20
	android:process
		ADDED from mah\IMLib\AndroidManifest.xml:67:13-43
	android:name
		ADDED from mah\IMLib\AndroidManifest.xml:66:13-53
intent-filter#io.rong.push.intent.action.HEART_BEAT
ADDED from mah\IMLib\AndroidManifest.xml:69:13-71:29
action#io.rong.push.intent.action.HEART_BEAT
ADDED from mah\IMLib\AndroidManifest.xml:70:17-80
	android:name
		ADDED from mah\IMLib\AndroidManifest.xml:70:25-77
intent-filter#android.net.conn.CONNECTIVITY_CHANGE
ADDED from mah\IMLib\AndroidManifest.xml:73:13-75:29
action#android.net.conn.CONNECTIVITY_CHANGE
ADDED from mah\IMLib\AndroidManifest.xml:74:17-79
	android:name
		ADDED from mah\IMLib\AndroidManifest.xml:74:25-76
intent-filter#android.intent.action.BOOT_COMPLETED
ADDED from mah\IMLib\AndroidManifest.xml:77:13-79:29
action#android.intent.action.BOOT_COMPLETED
ADDED from mah\IMLib\AndroidManifest.xml:78:17-79
	android:name
		ADDED from mah\IMLib\AndroidManifest.xml:78:25-76
intent-filter#android.intent.action.ACTION_POWER_CONNECTED+android.intent.action.ACTION_POWER_DISCONNECTED+android.intent.action.USER_PRESENT
ADDED from mah\IMLib\AndroidManifest.xml:80:13-84:29
action#android.intent.action.USER_PRESENT
ADDED from mah\IMLib\AndroidManifest.xml:81:17-77
	android:name
		ADDED from mah\IMLib\AndroidManifest.xml:81:25-74
action#android.intent.action.ACTION_POWER_CONNECTED
ADDED from mah\IMLib\AndroidManifest.xml:82:17-87
	android:name
		ADDED from mah\IMLib\AndroidManifest.xml:82:25-84
action#android.intent.action.ACTION_POWER_DISCONNECTED
ADDED from mah\IMLib\AndroidManifest.xml:83:17-90
	android:name
		ADDED from mah\IMLib\AndroidManifest.xml:83:25-87
uses-sdk
INJECTED from mah\IMLib\AndroidManifest.xml reason: use-sdk injection requested
INJECTED from mah\IMLib\AndroidManifest.xml
INJECTED from mah\IMLib\AndroidManifest.xml
INJECTED from mah\IMLib\AndroidManifest.xml
INJECTED from mah\IMLib\AndroidManifest.xml
	android:targetSdkVersion
		INJECTED from mah\IMLib\AndroidManifest.xml
		ADDED from mah\IMLib\AndroidManifest.xml
		INJECTED from mah\IMLib\AndroidManifest.xml
	android:minSdkVersion
		INJECTED from mah\IMLib\AndroidManifest.xml
		ADDED from mah\IMLib\AndroidManifest.xml
		INJECTED from mah\IMLib\AndroidManifest.xml